0 info it worked if it ends with ok
1 verbose cli [ '/usr/local/bin/iojs',
1 verbose cli   '/usr/local/bin/npm',
1 verbose cli   'install',
1 verbose cli   'electron-prebuit',
1 verbose cli   '-g' ]
2 info using npm@2.13.2
3 info using node@v2.5.0
4 verbose install initial load of /usr/local/lib/package.json
5 verbose readDependencies loading dependencies from /usr/local/lib/package.json
6 silly cache add args [ 'electron-prebuit', null ]
7 verbose cache add spec electron-prebuit
8 silly cache add parsed spec { raw: 'electron-prebuit',
8 silly cache add   scope: null,
8 silly cache add   name: 'electron-prebuit',
8 silly cache add   rawSpec: '',
8 silly cache add   spec: '*',
8 silly cache add   type: 'range' }
9 silly addNamed electron-prebuit@*
10 verbose addNamed "*" is a valid semver range for electron-prebuit
11 silly addNameRange { name: 'electron-prebuit', range: '*', hasData: false }
12 silly mapToRegistry name electron-prebuit
13 silly mapToRegistry using default registry
14 silly mapToRegistry registry https://registry.npmjs.org/
15 silly mapToRegistry uri https://registry.npmjs.org/electron-prebuit
16 verbose addNameRange registry:https://registry.npmjs.org/electron-prebuit not in flight; fetching
17 verbose request uri https://registry.npmjs.org/electron-prebuit
18 verbose request no auth needed
19 info attempt registry request try #1 at 21:12:05
20 verbose request id 689dab7d01157a12
21 http request GET https://registry.npmjs.org/electron-prebuit
22 http 404 https://registry.npmjs.org/electron-prebuit
23 verbose headers { 'content-type': 'application/json',
23 verbose headers   'cache-control': 'max-age=0',
23 verbose headers   'content-length': '2',
23 verbose headers   'accept-ranges': 'bytes',
23 verbose headers   date: 'Sun, 23 Aug 2015 02:12:05 GMT',
23 verbose headers   via: '1.1 varnish',
23 verbose headers   age: '0',
23 verbose headers   connection: 'keep-alive',
23 verbose headers   'x-served-by': 'cache-dfw1823-DFW',
23 verbose headers   'x-cache': 'MISS',
23 verbose headers   'x-cache-hits': '0',
23 verbose headers   'x-timer': 'S1440295925.789829,VS0,VE193' }
24 silly get cb [ 404,
24 silly get   { 'content-type': 'application/json',
24 silly get     'cache-control': 'max-age=0',
24 silly get     'content-length': '2',
24 silly get     'accept-ranges': 'bytes',
24 silly get     date: 'Sun, 23 Aug 2015 02:12:05 GMT',
24 silly get     via: '1.1 varnish',
24 silly get     age: '0',
24 silly get     connection: 'keep-alive',
24 silly get     'x-served-by': 'cache-dfw1823-DFW',
24 silly get     'x-cache': 'MISS',
24 silly get     'x-cache-hits': '0',
24 silly get     'x-timer': 'S1440295925.789829,VS0,VE193' } ]
25 verbose stack Error: Registry returned 404 for GET on https://registry.npmjs.org/electron-prebuit
25 verbose stack     at CachingRegistryClient.<anonymous> (/usr/local/lib/node_modules/npm/node_modules/npm-registry-client/lib/request.js:239:14)
25 verbose stack     at Request._callback (/usr/local/lib/node_modules/npm/node_modules/npm-registry-client/lib/request.js:170:14)
25 verbose stack     at Request.self.callback (/usr/local/lib/node_modules/npm/node_modules/request/request.js:197:22)
25 verbose stack     at emitTwo (events.js:87:13)
25 verbose stack     at Request.emit (events.js:172:7)
25 verbose stack     at Request.<anonymous> (/usr/local/lib/node_modules/npm/node_modules/request/request.js:1050:14)
25 verbose stack     at emitOne (events.js:82:20)
25 verbose stack     at Request.emit (events.js:169:7)
25 verbose stack     at IncomingMessage.<anonymous> (/usr/local/lib/node_modules/npm/node_modules/request/request.js:996:12)
25 verbose stack     at emitNone (events.js:72:20)
26 verbose statusCode 404
27 verbose pkgid electron-prebuit
28 verbose cwd /Users/fullofcaffeine/workspace/code/projectgtd
29 error Darwin 14.5.0
30 error argv "/usr/local/bin/iojs" "/usr/local/bin/npm" "install" "electron-prebuit" "-g"
31 error node v2.5.0
32 error npm  v2.13.2
33 error code E404
34 error 404 Registry returned 404 for GET on https://registry.npmjs.org/electron-prebuit
34 error 404
34 error 404 'electron-prebuit' is not in the npm registry.
34 error 404 You should bug the author to publish it (or use the name yourself!)
34 error 404
34 error 404 Note that you can also install from a
34 error 404 tarball, folder, http url, or git url.
35 verbose exit [ 1, true ]
